<?xml version="1.0" encoding="UTF-8"?>
<testsuite xmlns:xsi="http://www.w3.org/2001/XMLSchema-instance" xsi:noNamespaceSchemaLocation="https://maven.apache.org/surefire/maven-surefire-plugin/xsd/surefire-test-report.xsd" name="ru.netology.repository.MovieManagerTest" time="0.127" tests="7" errors="0" skipped="0" failures="0">
  <properties>
[...]
</properties>
  <testcase name="shouldShowLastAddMoviesAddedLessLimit" classname="ru.netology.repository.MovieManagerTest" time="0.057"/>
  <testcase name="shouldAddSeveralMovies" classname="ru.netology.repository.MovieManagerTest" time="0.029"/>
  <testcase name="shouldShowLastAddMoviesAddedMoreLimit" classname="ru.netology.repository.MovieManagerTest" time="0"/>
  <testcase name="shouldShowLastAddMoviesAnotherLimit" classname="ru.netology.repository.MovieManagerTest" time="0.016"/>
  <testcase name="shouldAddNullMovies" classname="ru.netology.repository.MovieManagerTest" time="0"/>
  <testcase name="shouldAddOneMovie" classname="ru.netology.repository.MovieManagerTest" time="0"/>
  <testcase name="shouldShowLastAddMoviesAddedEqualLimit" classname="ru.netology.repository.MovieManagerTest" time="0"/>
</testsuite>